mode: set
github.com/quickbite/analytics-service/app/analytics/controller/analytics_controller.go:16.81,18.2 1 1
github.com/quickbite/analytics-service/app/analytics/controller/analytics_controller.go:20.95,22.16 2 1
github.com/quickbite/analytics-service/app/analytics/controller/analytics_controller.go:22.16,24.3 1 1
github.com/quickbite/analytics-service/app/analytics/controller/analytics_controller.go:26.2,30.16 2 1
github.com/quickbite/analytics-service/app/analytics/controller/analytics_controller.go:30.16,32.3 1 0
github.com/quickbite/analytics-service/app/analytics/controller/analytics_controller.go:34.2,35.12 2 1
github.com/quickbite/analytics-service/app/analytics/controller/analytics_controller.go:38.92,40.16 2 1
github.com/quickbite/analytics-service/app/analytics/controller/analytics_controller.go:40.16,42.3 1 0
github.com/quickbite/analytics-service/app/analytics/controller/analytics_controller.go:44.2,48.16 2 1
github.com/quickbite/analytics-service/app/analytics/controller/analytics_controller.go:48.16,50.3 1 0
github.com/quickbite/analytics-service/app/analytics/controller/analytics_controller.go:52.2,53.12 2 1
github.com/quickbite/analytics-service/app/analytics/controller/analytics_controller.go:56.93,58.16 2 1
github.com/quickbite/analytics-service/app/analytics/controller/analytics_controller.go:58.16,60.3 1 0
github.com/quickbite/analytics-service/app/analytics/controller/analytics_controller.go:62.2,66.16 2 1
github.com/quickbite/analytics-service/app/analytics/controller/analytics_controller.go:66.16,68.3 1 0
github.com/quickbite/analytics-service/app/analytics/controller/analytics_controller.go:70.2,71.12 2 1
github.com/quickbite/analytics-service/app/analytics/controller/routes.go:12.106,13.50 1 1
github.com/quickbite/analytics-service/app/analytics/controller/routes.go:13.50,20.3 3 1
github.com/quickbite/analytics-service/app/analytics/dto/days_request.go:18.88,21.27 3 1
github.com/quickbite/analytics-service/app/analytics/dto/days_request.go:21.27,23.3 1 1
github.com/quickbite/analytics-service/app/analytics/dto/days_request.go:25.2,26.16 2 1
github.com/quickbite/analytics-service/app/analytics/dto/days_request.go:26.16,28.3 1 1
github.com/quickbite/analytics-service/app/analytics/dto/days_request.go:29.2,29.58 1 1
github.com/quickbite/analytics-service/app/analytics/dto/days_request.go:29.58,31.3 1 0
github.com/quickbite/analytics-service/app/analytics/dto/days_request.go:33.2,34.14 2 1
github.com/quickbite/analytics-service/app/analytics/dto/days_request.go:34.14,36.3 1 0
github.com/quickbite/analytics-service/app/analytics/dto/days_request.go:37.2,37.56 1 1
github.com/quickbite/analytics-service/app/analytics/dto/days_request.go:37.56,39.3 1 0
github.com/quickbite/analytics-service/app/analytics/dto/days_request.go:41.2,45.8 1 1
github.com/quickbite/analytics-service/app/analytics/dto/days_response.go:13.85,15.27 2 1
github.com/quickbite/analytics-service/app/analytics/dto/days_response.go:15.27,23.3 1 1
github.com/quickbite/analytics-service/app/analytics/dto/days_response.go:24.2,24.13 1 1
github.com/quickbite/analytics-service/app/analytics/dto/days_response.go:34.76,36.27 2 1
github.com/quickbite/analytics-service/app/analytics/dto/days_response.go:36.27,43.3 1 1
github.com/quickbite/analytics-service/app/analytics/dto/days_response.go:44.2,44.13 1 1
github.com/quickbite/analytics-service/app/analytics/dto/days_response.go:55.79,57.27 2 1
github.com/quickbite/analytics-service/app/analytics/dto/days_response.go:57.27,65.3 1 1
github.com/quickbite/analytics-service/app/analytics/dto/days_response.go:66.2,66.13 1 1
github.com/quickbite/analytics-service/app/analytics/dto/platform_days_request.go:15.84,17.16 2 1
github.com/quickbite/analytics-service/app/analytics/dto/platform_days_request.go:17.16,19.3 1 0
github.com/quickbite/analytics-service/app/analytics/dto/platform_days_request.go:20.2,20.58 1 1
github.com/quickbite/analytics-service/app/analytics/dto/platform_days_request.go:20.58,22.3 1 0
github.com/quickbite/analytics-service/app/analytics/dto/platform_days_request.go:24.2,25.14 2 1
github.com/quickbite/analytics-service/app/analytics/dto/platform_days_request.go:25.14,27.3 1 0
github.com/quickbite/analytics-service/app/analytics/dto/platform_days_request.go:28.2,28.56 1 1
github.com/quickbite/analytics-service/app/analytics/dto/platform_days_request.go:28.56,30.3 1 0
github.com/quickbite/analytics-service/app/analytics/dto/platform_days_request.go:32.2,32.57 1 1
github.com/quickbite/analytics-service/app/analytics/dto/product_days_request.go:18.82,21.27 3 1
github.com/quickbite/analytics-service/app/analytics/dto/product_days_request.go:21.27,23.3 1 0
github.com/quickbite/analytics-service/app/analytics/dto/product_days_request.go:25.2,26.16 2 1
github.com/quickbite/analytics-service/app/analytics/dto/product_days_request.go:26.16,28.3 1 0
github.com/quickbite/analytics-service/app/analytics/dto/product_days_request.go:29.2,29.58 1 1
github.com/quickbite/analytics-service/app/analytics/dto/product_days_request.go:29.58,31.3 1 0
github.com/quickbite/analytics-service/app/analytics/dto/product_days_request.go:33.2,34.14 2 1
github.com/quickbite/analytics-service/app/analytics/dto/product_days_request.go:34.14,36.3 1 0
github.com/quickbite/analytics-service/app/analytics/dto/product_days_request.go:37.2,37.56 1 1
github.com/quickbite/analytics-service/app/analytics/dto/product_days_request.go:37.56,39.3 1 0
github.com/quickbite/analytics-service/app/analytics/dto/product_days_request.go:41.2,45.8 1 1
github.com/quickbite/analytics-service/app/analytics/eventhandlers/handlers.go:12.77,17.2 4 1
github.com/quickbite/analytics-service/app/analytics/eventhandlers/handlers.go:19.79,20.66 1 1
github.com/quickbite/analytics-service/app/analytics/eventhandlers/handlers.go:20.66,22.57 2 1
github.com/quickbite/analytics-service/app/analytics/eventhandlers/handlers.go:22.57,24.4 1 0
github.com/quickbite/analytics-service/app/analytics/eventhandlers/handlers.go:25.3,25.43 1 1
github.com/quickbite/analytics-service/app/analytics/eventhandlers/handlers.go:29.82,30.66 1 1
github.com/quickbite/analytics-service/app/analytics/eventhandlers/handlers.go:30.66,32.57 2 1
github.com/quickbite/analytics-service/app/analytics/eventhandlers/handlers.go:32.57,34.4 1 0
github.com/quickbite/analytics-service/app/analytics/eventhandlers/handlers.go:35.3,35.46 1 1
github.com/quickbite/analytics-service/app/analytics/eventhandlers/handlers.go:39.84,40.66 1 1
github.com/quickbite/analytics-service/app/analytics/eventhandlers/handlers.go:40.66,42.57 2 1
github.com/quickbite/analytics-service/app/analytics/eventhandlers/handlers.go:42.57,44.4 1 0
github.com/quickbite/analytics-service/app/analytics/eventhandlers/handlers.go:45.3,45.48 1 1
github.com/quickbite/analytics-service/app/analytics/eventhandlers/handlers.go:49.82,50.66 1 1
github.com/quickbite/analytics-service/app/analytics/eventhandlers/handlers.go:50.66,52.57 2 1
github.com/quickbite/analytics-service/app/analytics/eventhandlers/handlers.go:52.57,54.4 1 0
github.com/quickbite/analytics-service/app/analytics/eventhandlers/handlers.go:55.3,55.46 1 1
github.com/quickbite/analytics-service/app/analytics/repository/branch_day_repo.go:19.58,21.2 1 1
github.com/quickbite/analytics-service/app/analytics/repository/branch_day_repo.go:23.111,45.2 5 1
github.com/quickbite/analytics-service/app/analytics/repository/branch_day_repo.go:47.110,58.2 4 1
github.com/quickbite/analytics-service/app/analytics/repository/branch_day_repo.go:60.105,68.2 4 1
github.com/quickbite/analytics-service/app/analytics/repository/branch_day_repo.go:70.89,78.2 4 1
github.com/quickbite/analytics-service/app/analytics/repository/branch_day_repo.go:84.31,91.16 3 1
github.com/quickbite/analytics-service/app/analytics/repository/branch_day_repo.go:91.16,93.3 1 0
github.com/quickbite/analytics-service/app/analytics/repository/branch_day_repo.go:94.2,97.50 3 1
github.com/quickbite/analytics-service/app/analytics/repository/branch_day_repo.go:97.50,99.3 1 0
github.com/quickbite/analytics-service/app/analytics/repository/branch_day_repo.go:100.2,100.21 1 1
github.com/quickbite/analytics-service/app/analytics/repository/event_ids_repo.go:17.56,19.2 1 1
github.com/quickbite/analytics-service/app/analytics/repository/event_ids_repo.go:22.84,27.16 2 1
github.com/quickbite/analytics-service/app/analytics/repository/event_ids_repo.go:27.16,28.37 1 1
github.com/quickbite/analytics-service/app/analytics/repository/event_ids_repo.go:28.37,30.4 1 1
github.com/quickbite/analytics-service/app/analytics/repository/event_ids_repo.go:31.3,31.20 1 0
github.com/quickbite/analytics-service/app/analytics/repository/event_ids_repo.go:33.2,33.18 1 1
github.com/quickbite/analytics-service/app/analytics/repository/indexes.go:15.85,31.73 5 1
github.com/quickbite/analytics-service/app/analytics/repository/indexes.go:31.73,33.3 1 0
github.com/quickbite/analytics-service/app/analytics/repository/indexes.go:34.2,48.79 4 1
github.com/quickbite/analytics-service/app/analytics/repository/indexes.go:48.79,50.3 1 0
github.com/quickbite/analytics-service/app/analytics/repository/indexes.go:51.2,65.83 4 1
github.com/quickbite/analytics-service/app/analytics/repository/indexes.go:65.83,67.3 1 0
github.com/quickbite/analytics-service/app/analytics/repository/indexes.go:68.2,82.81 4 1
github.com/quickbite/analytics-service/app/analytics/repository/indexes.go:82.81,84.3 1 0
github.com/quickbite/analytics-service/app/analytics/repository/indexes.go:85.2,100.77 5 1
github.com/quickbite/analytics-service/app/analytics/repository/indexes.go:100.77,102.3 1 0
github.com/quickbite/analytics-service/app/analytics/repository/indexes.go:103.2,105.12 2 1
github.com/quickbite/analytics-service/app/analytics/repository/platform_day_repo.go:19.62,21.2 1 1
github.com/quickbite/analytics-service/app/analytics/repository/platform_day_repo.go:23.99,44.2 5 1
github.com/quickbite/analytics-service/app/analytics/repository/platform_day_repo.go:46.93,54.2 4 1
github.com/quickbite/analytics-service/app/analytics/repository/platform_day_repo.go:56.77,64.2 4 1
github.com/quickbite/analytics-service/app/analytics/repository/platform_day_repo.go:69.33,75.16 3 1
github.com/quickbite/analytics-service/app/analytics/repository/platform_day_repo.go:75.16,77.3 1 0
github.com/quickbite/analytics-service/app/analytics/repository/platform_day_repo.go:78.2,81.50 3 1
github.com/quickbite/analytics-service/app/analytics/repository/platform_day_repo.go:81.50,83.3 1 0
github.com/quickbite/analytics-service/app/analytics/repository/platform_day_repo.go:84.2,84.21 1 1
github.com/quickbite/analytics-service/app/analytics/repository/product_day_repo.go:19.60,21.2 1 1
github.com/quickbite/analytics-service/app/analytics/repository/product_day_repo.go:23.116,42.2 5 1
github.com/quickbite/analytics-service/app/analytics/repository/product_day_repo.go:48.32,56.16 4 1
github.com/quickbite/analytics-service/app/analytics/repository/product_day_repo.go:56.16,58.3 1 0
github.com/quickbite/analytics-service/app/analytics/repository/product_day_repo.go:59.2,62.50 3 1
github.com/quickbite/analytics-service/app/analytics/repository/product_day_repo.go:62.50,64.3 1 0
github.com/quickbite/analytics-service/app/analytics/repository/product_day_repo.go:65.2,65.21 1 1
github.com/quickbite/analytics-service/app/analytics/repository/restaurant_day_repo.go:19.66,21.2 1 1
github.com/quickbite/analytics-service/app/analytics/repository/restaurant_day_repo.go:23.119,45.2 5 1
github.com/quickbite/analytics-service/app/analytics/repository/restaurant_day_repo.go:47.118,58.2 4 1
github.com/quickbite/analytics-service/app/analytics/repository/restaurant_day_repo.go:60.113,68.2 4 1
github.com/quickbite/analytics-service/app/analytics/repository/restaurant_day_repo.go:70.97,78.2 4 1
github.com/quickbite/analytics-service/app/analytics/repository/restaurant_day_repo.go:84.35,91.16 3 1
github.com/quickbite/analytics-service/app/analytics/repository/restaurant_day_repo.go:91.16,93.3 1 0
github.com/quickbite/analytics-service/app/analytics/repository/restaurant_day_repo.go:94.2,97.50 3 1
github.com/quickbite/analytics-service/app/analytics/repository/restaurant_day_repo.go:97.50,99.3 1 0
github.com/quickbite/analytics-service/app/analytics/repository/restaurant_day_repo.go:100.2,100.21 1 1
github.com/quickbite/analytics-service/app/analytics/service/analytics_service.go:26.21,34.2 1 1
github.com/quickbite/analytics-service/app/analytics/service/analytics_service.go:36.40,37.15 1 1
github.com/quickbite/analytics-service/app/analytics/service/analytics_service.go:37.15,39.3 1 1
github.com/quickbite/analytics-service/app/analytics/service/analytics_service.go:40.2,41.16 2 1
github.com/quickbite/analytics-service/app/analytics/service/analytics_service.go:41.16,43.3 1 1
github.com/quickbite/analytics-service/app/analytics/service/analytics_service.go:44.2,44.37 1 1
github.com/quickbite/analytics-service/app/analytics/service/analytics_service.go:47.109,51.20 3 1
github.com/quickbite/analytics-service/app/analytics/service/analytics_service.go:51.20,53.3 1 0
github.com/quickbite/analytics-service/app/analytics/service/analytics_service.go:55.2,55.118 1 1
github.com/quickbite/analytics-service/app/analytics/service/analytics_service.go:55.118,57.3 1 0
github.com/quickbite/analytics-service/app/analytics/service/analytics_service.go:58.2,58.110 1 1
github.com/quickbite/analytics-service/app/analytics/service/analytics_service.go:58.110,60.3 1 0
github.com/quickbite/analytics-service/app/analytics/service/analytics_service.go:61.2,61.96 1 1
github.com/quickbite/analytics-service/app/analytics/service/analytics_service.go:61.96,63.3 1 0
github.com/quickbite/analytics-service/app/analytics/service/analytics_service.go:64.2,64.35 1 1
github.com/quickbite/analytics-service/app/analytics/service/analytics_service.go:64.35,65.48 1 1
github.com/quickbite/analytics-service/app/analytics/service/analytics_service.go:65.48,66.12 1 1
github.com/quickbite/analytics-service/app/analytics/service/analytics_service.go:68.3,68.111 1 1
github.com/quickbite/analytics-service/app/analytics/service/analytics_service.go:68.111,70.4 1 0
github.com/quickbite/analytics-service/app/analytics/service/analytics_service.go:72.2,72.12 1 1
github.com/quickbite/analytics-service/app/analytics/service/analytics_service.go:75.115,77.114 2 1
github.com/quickbite/analytics-service/app/analytics/service/analytics_service.go:77.114,79.3 1 0
github.com/quickbite/analytics-service/app/analytics/service/analytics_service.go:80.2,80.90 1 1
github.com/quickbite/analytics-service/app/analytics/service/analytics_service.go:83.119,85.101 2 1
github.com/quickbite/analytics-service/app/analytics/service/analytics_service.go:85.101,87.3 1 0
github.com/quickbite/analytics-service/app/analytics/service/analytics_service.go:88.2,88.93 1 1
github.com/quickbite/analytics-service/app/analytics/service/analytics_service.go:88.93,90.3 1 0
github.com/quickbite/analytics-service/app/analytics/service/analytics_service.go:91.2,91.63 1 1
github.com/quickbite/analytics-service/app/analytics/service/analytics_service.go:94.115,96.85 2 1
github.com/quickbite/analytics-service/app/analytics/service/analytics_service.go:96.85,98.3 1 0
github.com/quickbite/analytics-service/app/analytics/service/analytics_service.go:99.2,99.77 1 1
github.com/quickbite/analytics-service/app/analytics/service/analytics_service.go:99.77,101.3 1 0
github.com/quickbite/analytics-service/app/analytics/service/analytics_service.go:102.2,102.47 1 1
github.com/quickbite/analytics-service/app/analytics/service/analytics_service.go:109.43,110.35 1 1
github.com/quickbite/analytics-service/app/analytics/service/analytics_service.go:110.35,112.3 1 1
github.com/quickbite/analytics-service/app/analytics/service/analytics_service.go:114.2,115.16 2 1
github.com/quickbite/analytics-service/app/analytics/service/analytics_service.go:115.16,117.3 1 0
github.com/quickbite/analytics-service/app/analytics/service/analytics_service.go:119.2,120.27 2 1
github.com/quickbite/analytics-service/app/analytics/service/analytics_service.go:120.27,127.3 1 1
github.com/quickbite/analytics-service/app/analytics/service/analytics_service.go:128.2,128.20 1 1
github.com/quickbite/analytics-service/app/analytics/service/analytics_service.go:135.46,136.35 1 1
github.com/quickbite/analytics-service/app/analytics/service/analytics_service.go:136.35,138.3 1 1
github.com/quickbite/analytics-service/app/analytics/service/analytics_service.go:140.2,141.16 2 1
github.com/quickbite/analytics-service/app/analytics/service/analytics_service.go:141.16,143.3 1 0
github.com/quickbite/analytics-service/app/analytics/service/analytics_service.go:145.2,146.27 2 1
github.com/quickbite/analytics-service/app/analytics/service/analytics_service.go:146.27,148.26 2 1
github.com/quickbite/analytics-service/app/analytics/service/analytics_service.go:148.26,150.4 1 1
github.com/quickbite/analytics-service/app/analytics/service/analytics_service.go:151.3,157.4 1 1
github.com/quickbite/analytics-service/app/analytics/service/analytics_service.go:160.2,160.20 1 1
github.com/quickbite/analytics-service/app/analytics/service/analytics_service.go:166.44,167.35 1 1
github.com/quickbite/analytics-service/app/analytics/service/analytics_service.go:167.35,169.3 1 1
github.com/quickbite/analytics-service/app/analytics/service/analytics_service.go:171.2,172.16 2 1
github.com/quickbite/analytics-service/app/analytics/service/analytics_service.go:172.16,174.3 1 0
github.com/quickbite/analytics-service/app/analytics/service/analytics_service.go:176.2,177.27 2 1
github.com/quickbite/analytics-service/app/analytics/service/analytics_service.go:177.27,179.26 2 1
github.com/quickbite/analytics-service/app/analytics/service/analytics_service.go:179.26,181.4 1 1
github.com/quickbite/analytics-service/app/analytics/service/analytics_service.go:182.3,188.4 1 1
github.com/quickbite/analytics-service/app/analytics/service/analytics_service.go:191.2,191.20 1 1
github.com/quickbite/analytics-service/lib/appcontext/context.go:21.71,23.2 1 1
github.com/quickbite/analytics-service/lib/appcontext/context.go:25.48,26.55 1 1
github.com/quickbite/analytics-service/lib/appcontext/context.go:26.55,28.3 1 1
github.com/quickbite/analytics-service/lib/appcontext/context.go:29.2,29.11 1 1
github.com/quickbite/analytics-service/lib/appcontext/context.go:32.64,34.2 1 1
github.com/quickbite/analytics-service/lib/appcontext/context.go:36.45,37.49 1 1
github.com/quickbite/analytics-service/lib/appcontext/context.go:37.49,39.3 1 1
github.com/quickbite/analytics-service/lib/appcontext/context.go:40.2,40.12 1 0
github.com/quickbite/analytics-service/lib/auth/jwt.go:10.71,11.76 1 1
github.com/quickbite/analytics-service/lib/auth/jwt.go:11.76,12.54 1 1
github.com/quickbite/analytics-service/lib/auth/jwt.go:12.54,14.4 1 0
github.com/quickbite/analytics-service/lib/auth/jwt.go:15.3,15.29 1 1
github.com/quickbite/analytics-service/lib/auth/jwt.go:17.2,17.16 1 1
github.com/quickbite/analytics-service/lib/auth/jwt.go:17.16,19.3 1 1
github.com/quickbite/analytics-service/lib/auth/jwt.go:21.2,22.25 2 1
github.com/quickbite/analytics-service/lib/auth/jwt.go:22.25,24.3 1 0
github.com/quickbite/analytics-service/lib/auth/jwt.go:26.2,32.56 2 1
github.com/quickbite/analytics-service/lib/auth/jwt.go:32.56,35.3 2 0
github.com/quickbite/analytics-service/lib/auth/jwt.go:36.2,36.58 1 1
github.com/quickbite/analytics-service/lib/auth/jwt.go:36.58,39.3 2 0
github.com/quickbite/analytics-service/lib/auth/jwt.go:40.2,40.53 1 1
github.com/quickbite/analytics-service/lib/auth/jwt.go:40.53,41.39 1 0
github.com/quickbite/analytics-service/lib/auth/jwt.go:41.39,43.29 2 0
github.com/quickbite/analytics-service/lib/auth/jwt.go:43.29,45.5 1 0
github.com/quickbite/analytics-service/lib/auth/jwt.go:46.4,46.26 1 0
github.com/quickbite/analytics-service/lib/auth/jwt.go:50.2,50.20 1 1
github.com/quickbite/analytics-service/lib/auth/middleware.go:12.66,13.46 1 1
github.com/quickbite/analytics-service/lib/auth/middleware.go:13.46,14.72 1 1
github.com/quickbite/analytics-service/lib/auth/middleware.go:14.72,16.19 2 1
github.com/quickbite/analytics-service/lib/auth/middleware.go:16.19,19.5 2 1
github.com/quickbite/analytics-service/lib/auth/middleware.go:21.4,22.18 2 1
github.com/quickbite/analytics-service/lib/auth/middleware.go:22.18,25.5 2 1
github.com/quickbite/analytics-service/lib/auth/middleware.go:27.4,28.41 2 1
github.com/quickbite/analytics-service/lib/auth/middleware.go:33.43,34.79 1 1
github.com/quickbite/analytics-service/lib/auth/middleware.go:34.79,36.3 1 1
github.com/quickbite/analytics-service/lib/auth/middleware.go:38.2,38.79 1 1
github.com/quickbite/analytics-service/lib/auth/middleware.go:38.79,40.3 1 1
github.com/quickbite/analytics-service/lib/auth/middleware.go:42.2,42.11 1 1
github.com/quickbite/analytics-service/lib/coreclient/client.go:16.42,22.2 1 1
github.com/quickbite/analytics-service/lib/coreclient/client.go:24.93,35.16 5 1
github.com/quickbite/analytics-service/lib/coreclient/client.go:35.16,37.3 1 0
github.com/quickbite/analytics-service/lib/coreclient/client.go:39.2,40.37 2 1
github.com/quickbite/analytics-service/lib/coreclient/client.go:40.37,42.3 1 1
github.com/quickbite/analytics-service/lib/coreclient/client.go:43.2,43.19 1 1
github.com/quickbite/analytics-service/lib/coreevents/consumer.go:24.93,31.2 1 1
github.com/quickbite/analytics-service/lib/coreevents/consumer.go:33.69,35.2 1 1
github.com/quickbite/analytics-service/lib/coreevents/consumer.go:37.85,38.92 1 1
github.com/quickbite/analytics-service/lib/coreevents/consumer.go:38.92,40.61 2 1
github.com/quickbite/analytics-service/lib/coreevents/consumer.go:40.61,43.4 2 1
github.com/quickbite/analytics-service/lib/coreevents/consumer.go:45.3,46.20 2 1
github.com/quickbite/analytics-service/lib/coreevents/consumer.go:46.20,49.4 2 1
github.com/quickbite/analytics-service/lib/coreevents/consumer.go:51.3,52.17 2 1
github.com/quickbite/analytics-service/lib/coreevents/consumer.go:52.17,55.4 2 0
github.com/quickbite/analytics-service/lib/coreevents/consumer.go:56.3,56.17 1 1
github.com/quickbite/analytics-service/lib/coreevents/consumer.go:56.17,59.4 2 1
github.com/quickbite/analytics-service/lib/coreevents/consumer.go:61.3,62.10 2 1
github.com/quickbite/analytics-service/lib/coreevents/consumer.go:62.10,65.4 2 1
github.com/quickbite/analytics-service/lib/coreevents/consumer.go:67.3,67.56 1 1
github.com/quickbite/analytics-service/lib/coreevents/consumer.go:67.56,70.4 2 0
github.com/quickbite/analytics-service/lib/coreevents/consumer.go:72.3,72.19 1 1
github.com/quickbite/analytics-service/lib/errors/apperror.go:11.35,13.2 1 1
github.com/quickbite/analytics-service/lib/errors/apperror.go:15.65,17.2 1 1
github.com/quickbite/analytics-service/lib/errors/handler.go:11.100,12.54 1 1
github.com/quickbite/analytics-service/lib/errors/handler.go:12.54,13.33 1 1
github.com/quickbite/analytics-service/lib/errors/handler.go:13.33,15.31 2 1
github.com/quickbite/analytics-service/lib/errors/handler.go:15.31,24.5 3 1
github.com/quickbite/analytics-service/lib/errors/handler.go:26.4,30.98 2 0
github.com/quickbite/analytics-service/lib/http/response.go:23.75,27.2 3 1
github.com/quickbite/analytics-service/lib/http/response.go:29.77,36.2 3 1
github.com/quickbite/analytics-service/lib/rbac/cache.go:23.88,29.2 1 1
github.com/quickbite/analytics-service/lib/rbac/cache.go:31.99,36.47 4 1
github.com/quickbite/analytics-service/lib/rbac/cache.go:36.47,38.3 1 0
github.com/quickbite/analytics-service/lib/rbac/cache.go:40.2,41.16 2 1
github.com/quickbite/analytics-service/lib/rbac/cache.go:41.16,43.3 1 0
github.com/quickbite/analytics-service/lib/rbac/cache.go:45.2,49.19 4 1
github.com/quickbite/analytics-service/lib/rbac/cache.go:52.82,53.32 1 1
github.com/quickbite/analytics-service/lib/rbac/cache.go:53.32,54.16 1 1
github.com/quickbite/analytics-service/lib/rbac/cache.go:54.16,56.4 1 1
github.com/quickbite/analytics-service/lib/rbac/cache.go:58.2,58.14 1 1
github.com/quickbite/analytics-service/lib/rbac/cache.go:61.56,65.2 3 0
github.com/quickbite/analytics-service/lib/rbac/middleware.go:11.80,12.46 1 1
github.com/quickbite/analytics-service/lib/rbac/middleware.go:12.46,13.72 1 1
github.com/quickbite/analytics-service/lib/rbac/middleware.go:13.72,15.21 2 1
github.com/quickbite/analytics-service/lib/rbac/middleware.go:15.21,18.5 2 0
github.com/quickbite/analytics-service/lib/rbac/middleware.go:20.4,20.37 1 1
github.com/quickbite/analytics-service/lib/rbac/middleware.go:20.37,23.5 2 1
github.com/quickbite/analytics-service/lib/rbac/middleware.go:25.4,26.36 2 1
github.com/quickbite/analytics-service/lib/rbac/middleware.go:26.36,28.5 1 0
github.com/quickbite/analytics-service/lib/rbac/middleware.go:30.4,31.18 2 1
github.com/quickbite/analytics-service/lib/rbac/middleware.go:31.18,34.5 2 0
github.com/quickbite/analytics-service/lib/rbac/middleware.go:36.4,36.44 1 1
github.com/quickbite/analytics-service/lib/rbac/middleware.go:36.44,39.5 2 1
github.com/quickbite/analytics-service/lib/rbac/middleware.go:41.4,41.24 1 1
